<?xml version="1.0" encoding="UTF-8"?>
<testng-results ignored="0" total="1" passed="1" failed="0" skipped="0">
  <reporter-output>
  </reporter-output>
  <suite started-at="2023-05-18T09:55:44 IST" name="Suite1" finished-at="2023-05-18T09:55:50 IST" duration-ms="5455">
    <groups>
    </groups>
    <test started-at="2023-05-18T09:55:44 IST" name="IntegrationLAB" finished-at="2023-05-18T09:55:50 IST" duration-ms="5455">
      <class name="SearchTest.SearchTitleTest">
        <test-method is-config="true" signature="openBrowser()[pri:0, instance:SearchTest.SearchTitleTest@54c5a2ff]" started-at="2023-05-18T09:55:44 IST" name="openBrowser" finished-at="2023-05-18T09:55:48 IST" duration-ms="3781" status="PASS">
          <reporter-output>
          </reporter-output>
        </test-method> <!-- openBrowser -->
        <test-method signature="validateTitle()[pri:0, instance:SearchTest.SearchTitleTest@54c5a2ff]" started-at="2023-05-18T09:55:48 IST" name="validateTitle" finished-at="2023-05-18T09:55:49 IST" duration-ms="1442" status="PASS">
          <reporter-output>
          </reporter-output>
        </test-method> <!-- validateTitle -->
        <test-method is-config="true" signature="closeBrowser()[pri:0, instance:SearchTest.SearchTitleTest@54c5a2ff]" started-at="2023-05-18T09:55:49 IST" name="closeBrowser" finished-at="2023-05-18T09:55:50 IST" duration-ms="169" status="PASS">
          <reporter-output>
          </reporter-output>
        </test-method> <!-- closeBrowser -->
      </class> <!-- SearchTest.SearchTitleTest -->
    </test> <!-- IntegrationLAB -->
  </suite> <!-- Suite1 -->
</testng-results>
